2025-04-19 21:29:38 - INFO - ===========================================================================
2025-04-19 21:29:38 - INFO -   Intent Search Process Initiated  
2025-04-19 21:29:38 - INFO - ===========================================================================
2025-04-19 21:29:38 - INFO -   Search Query: shose runing men nike
2025-04-19 21:29:38 - INFO -   Refined Search Query: shose runing men Nike
2025-04-19 21:29:38 - INFO -   Execution Time: 2.1520 seconds
2025-04-19 21:29:38 - INFO - ===========================================================================
2025-04-19 21:29:38 - INFO -   Intent Search Process Completed 
2025-04-19 21:29:38 - INFO - ===========================================================================

2025-04-19 21:30:10 - INFO - ===========================================================================
2025-04-19 21:30:10 - INFO -   Intent Search Process Initiated  
2025-04-19 21:30:10 - INFO - ===========================================================================
2025-04-19 21:30:10 - INFO -   Search Query: cheap laptop student use
2025-04-19 21:30:10 - INFO -   Refined Search Query: e-commerce query: cheap laptop student use
2025-04-19 21:30:10 - INFO -   Execution Time: 2.5957 seconds
2025-04-19 21:30:10 - INFO - ===========================================================================
2025-04-19 21:30:10 - INFO -   Intent Search Process Completed 
2025-04-19 21:30:10 - INFO - ===========================================================================

2025-04-19 21:36:22 - INFO - ===========================================================================
2025-04-19 21:36:22 - INFO -   Intent Search Process Initiated  
2025-04-19 21:36:22 - INFO - ===========================================================================
2025-04-19 21:36:22 - INFO -   Search Query: cheap laptop student use
2025-04-19 21:36:22 - INFO -   Refined Search Query: e-commerce query: cheap laptop student use
2025-04-19 21:36:22 - INFO -   Execution Time: 2.9752 seconds
2025-04-19 21:36:22 - INFO - ===========================================================================
2025-04-19 21:36:22 - INFO -   Intent Search Process Completed 
2025-04-19 21:36:22 - INFO - ===========================================================================

